2025-03-18 21:26:24,003 [Worker-1: Loading available Gradle versions] INFO  o.e.b.c.i.u.g.PublishedGradleVersions - Gradle version information cache is up-to-date. Trying to read.
2025-03-18 21:27:42,128 [Worker-11: Updating Maven Dependencies] INFO  o.e.m.c.i.l.LifecycleMappingFactory - Using org.eclipse.m2e.jdt.JarLifecycleMapping lifecycle mapping for MavenProject: NaukriSelfupdate:NaukriProfileUpdatesAutomation:0.0.1-SNAPSHOT @ C:\NaukriApp\NaukriProfileAutoUpdate\NaukriProfileUpdatesAutomation\pom.xml.
2025-03-18 21:27:42,200 [Worker-19: Building] INFO  o.e.m.c.i.l.LifecycleMappingFactory - Using org.eclipse.m2e.jdt.JarLifecycleMapping lifecycle mapping for MavenProject: NaukriSelfupdate:NaukriProfileUpdatesAutomation:0.0.1-SNAPSHOT @ C:\NaukriApp\NaukriProfileAutoUpdate\NaukriProfileUpdatesAutomation\pom.xml.
2025-03-18 21:27:43,501 [Worker-19: Building] INFO  o.a.m.s.f.DefaultMavenResourcesFiltering - skip non existing resourceDirectory C:\NaukriApp\NaukriProfileAutoUpdate\NaukriProfileUpdatesAutomation\src\main\resources
2025-03-18 21:27:43,504 [Worker-19: Building] INFO  o.a.m.s.f.DefaultMavenResourcesFiltering - skip non existing resourceDirectory C:\NaukriApp\NaukriProfileAutoUpdate\NaukriProfileUpdatesAutomation\src\test\resources
2025-03-18 21:27:45,193 [Worker-18: Updating Maven Dependencies] INFO  o.e.m.c.i.l.LifecycleMappingFactory - Using org.eclipse.m2e.jdt.JarLifecycleMapping lifecycle mapping for MavenProject: NaukriSelfupdate:NaukriProfileUpdatesAutomation:0.0.1-SNAPSHOT @ C:\NaukriApp\NaukriProfileAutoUpdate\NaukriProfileUpdatesAutomation\pom.xml.
2025-03-18 21:29:56,653 [main] INFO  o.e.m.jdt.internal.UnitTestSupport - Updating LoginTest from maven configuration
2025-03-18 21:31:45,907 [main] INFO  o.e.m.jdt.internal.UnitTestSupport - Updating NaukriProfileUpdatesAutomation_testng.xml from maven configuration
2025-03-18 21:34:42,197 [Worker-25: Building] INFO  o.a.m.s.f.DefaultMavenResourcesFiltering - skip non existing resourceDirectory C:\NaukriApp\NaukriProfileAutoUpdate\NaukriProfileUpdatesAutomation\src\main\resources
2025-03-18 21:34:42,203 [Worker-25: Building] INFO  o.a.m.s.f.DefaultMavenResourcesFiltering - skip non existing resourceDirectory C:\NaukriApp\NaukriProfileAutoUpdate\NaukriProfileUpdatesAutomation\src\test\resources
2025-03-18 21:35:24,509 [Worker-20: Building] INFO  o.a.m.s.f.DefaultMavenResourcesFiltering - skip non existing resourceDirectory C:\NaukriApp\NaukriProfileAutoUpdate\NaukriProfileUpdatesAutomation\src\main\resources
2025-03-18 21:35:24,520 [Worker-20: Building] INFO  o.a.m.s.f.DefaultMavenResourcesFiltering - skip non existing resourceDirectory C:\NaukriApp\NaukriProfileAutoUpdate\NaukriProfileUpdatesAutomation\src\test\resources
2025-03-18 21:35:31,143 [Worker-27: Building] INFO  o.a.m.s.f.DefaultMavenResourcesFiltering - skip non existing resourceDirectory C:\NaukriApp\NaukriProfileAutoUpdate\NaukriProfileUpdatesAutomation\src\main\resources
2025-03-18 21:35:31,145 [Worker-27: Building] INFO  o.a.m.s.f.DefaultMavenResourcesFiltering - skip non existing resourceDirectory C:\NaukriApp\NaukriProfileAutoUpdate\NaukriProfileUpdatesAutomation\src\test\resources
2025-03-18 21:39:44,819 [Worker-29: Building] INFO  o.a.m.s.f.DefaultMavenResourcesFiltering - skip non existing resourceDirectory C:\NaukriApp\NaukriProfileAutoUpdate\NaukriProfileUpdatesAutomation\src\main\resources
2025-03-18 21:39:44,824 [Worker-29: Building] INFO  o.a.m.s.f.DefaultMavenResourcesFiltering - skip non existing resourceDirectory C:\NaukriApp\NaukriProfileAutoUpdate\NaukriProfileUpdatesAutomation\src\test\resources
2025-03-18 21:40:31,078 [Worker-30: Building] INFO  o.a.m.s.f.DefaultMavenResourcesFiltering - skip non existing resourceDirectory C:\NaukriApp\NaukriProfileAutoUpdate\NaukriProfileUpdatesAutomation\src\main\resources
2025-03-18 21:40:31,080 [Worker-30: Building] INFO  o.a.m.s.f.DefaultMavenResourcesFiltering - skip non existing resourceDirectory C:\NaukriApp\NaukriProfileAutoUpdate\NaukriProfileUpdatesAutomation\src\test\resources
2025-03-18 21:40:41,389 [Worker-30: Updating Maven Project] INFO  o.e.m.c.i.p.ProjectConfigurationManager - Update started
2025-03-18 21:40:42,145 [Worker-30: Updating Maven Project] INFO  o.e.m.c.i.l.LifecycleMappingFactory - Using org.eclipse.m2e.jdt.JarLifecycleMapping lifecycle mapping for MavenProject: NaukriSelfupdate:NaukriProfileUpdatesAutomation:0.0.1-SNAPSHOT @ C:\NaukriApp\NaukriProfileAutoUpdate\NaukriProfileUpdatesAutomation\pom.xml.
2025-03-18 21:40:47,858 [Worker-30: Updating Maven Project] INFO  o.e.m.j.i.AbstractJavaProjectConfigurator - Adding source folder /NaukriProfileUpdatesAutomation/src/main/java
2025-03-18 21:40:47,860 [Worker-30: Updating Maven Project] INFO  o.e.m.j.i.AbstractJavaProjectConfigurator - Adding resource folder /NaukriProfileUpdatesAutomation/src/main/resources
2025-03-18 21:40:47,861 [Worker-30: Updating Maven Project] INFO  o.e.m.j.i.AbstractJavaProjectConfigurator - Adding source folder /NaukriProfileUpdatesAutomation/src/test/java
2025-03-18 21:40:47,861 [Worker-30: Updating Maven Project] INFO  o.e.m.j.i.AbstractJavaProjectConfigurator - Adding resource folder /NaukriProfileUpdatesAutomation/src/test/resources
2025-03-18 21:40:48,195 [Worker-30: Updating Maven Project] INFO  o.e.m.jdt.internal.UnitTestSupport - Reset launch configuration name: LoginTest
2025-03-18 21:40:48,196 [Worker-30: Updating Maven Project] INFO  o.e.m.jdt.internal.UnitTestSupport - Updating LoginTest from maven configuration
2025-03-18 21:40:48,404 [Worker-30: Updating Maven Project] INFO  o.e.m.jdt.internal.UnitTestSupport - Reset launch configuration name: NaukriProfileUpdatesAutomation_testng.xml
2025-03-18 21:40:48,405 [Worker-30: Updating Maven Project] INFO  o.e.m.jdt.internal.UnitTestSupport - Updating NaukriProfileUpdatesAutomation_testng.xml from maven configuration
2025-03-18 21:40:48,482 [Worker-30: Updating Maven Project] INFO  o.e.m.c.i.p.ProjectConfigurationManager - Update completed for 1 poms: local refresh takes 0.00 sec, refresh facades takes 6.00 sec, update config takes 0.00 sec 
2025-03-18 21:40:49,211 [Worker-25: Building] INFO  o.a.m.s.f.DefaultMavenResourcesFiltering - skip non existing resourceDirectory C:\NaukriApp\NaukriProfileAutoUpdate\NaukriProfileUpdatesAutomation\src\main\resources
2025-03-18 21:40:49,215 [Worker-25: Building] INFO  o.a.m.s.f.DefaultMavenResourcesFiltering - skip non existing resourceDirectory C:\NaukriApp\NaukriProfileAutoUpdate\NaukriProfileUpdatesAutomation\src\test\resources
2025-03-18 21:41:11,473 [Worker-20: Building] INFO  o.a.m.s.f.DefaultMavenResourcesFiltering - skip non existing resourceDirectory C:\NaukriApp\NaukriProfileAutoUpdate\NaukriProfileUpdatesAutomation\src\main\resources
2025-03-18 21:41:11,476 [Worker-20: Building] INFO  o.a.m.s.f.DefaultMavenResourcesFiltering - skip non existing resourceDirectory C:\NaukriApp\NaukriProfileAutoUpdate\NaukriProfileUpdatesAutomation\src\test\resources
2025-03-18 21:49:32,549 [Worker-24: Building] INFO  o.a.m.s.f.DefaultMavenResourcesFiltering - skip non existing resourceDirectory C:\NaukriApp\NaukriProfileAutoUpdate\NaukriProfileUpdatesAutomation\src\main\resources
2025-03-18 21:49:32,554 [Worker-24: Building] INFO  o.a.m.s.f.DefaultMavenResourcesFiltering - skip non existing resourceDirectory C:\NaukriApp\NaukriProfileAutoUpdate\NaukriProfileUpdatesAutomation\src\test\resources
2025-03-18 22:34:15,525 [Worker-42: Building] INFO  o.a.m.s.f.DefaultMavenResourcesFiltering - skip non existing resourceDirectory C:\NaukriApp\NaukriProfileAutoUpdate\NaukriProfileUpdatesAutomation\src\main\resources
2025-03-18 22:34:15,984 [Worker-42: Building] INFO  o.a.m.s.f.DefaultMavenResourcesFiltering - skip non existing resourceDirectory C:\NaukriApp\NaukriProfileAutoUpdate\NaukriProfileUpdatesAutomation\src\test\resources
2025-03-18 23:29:35,569 [Worker-6: Loading available Gradle versions] INFO  o.e.b.c.i.u.g.PublishedGradleVersions - Gradle version information cache is up-to-date. Trying to read.
2025-03-18 23:31:06,595 [Worker-18: Building] INFO  o.a.m.s.f.DefaultMavenResourcesFiltering - skip non existing resourceDirectory C:\NaukriApp\NaukriProfileAutoUpdate\NaukriProfileUpdatesAutomation\src\main\resources
2025-03-18 23:31:06,602 [Worker-18: Building] INFO  o.a.m.s.f.DefaultMavenResourcesFiltering - skip non existing resourceDirectory C:\NaukriApp\NaukriProfileAutoUpdate\NaukriProfileUpdatesAutomation\src\test\resources
2025-03-18 23:36:13,502 [Worker-5: Building] INFO  o.a.m.s.f.DefaultMavenResourcesFiltering - skip non existing resourceDirectory C:\NaukriApp\NaukriProfileAutoUpdate\NaukriProfileUpdatesAutomation\src\main\resources
2025-03-18 23:36:13,507 [Worker-5: Building] INFO  o.a.m.s.f.DefaultMavenResourcesFiltering - skip non existing resourceDirectory C:\NaukriApp\NaukriProfileAutoUpdate\NaukriProfileUpdatesAutomation\src\test\resources
2025-03-18 23:36:33,608 [Worker-5: Building] INFO  o.a.m.s.f.DefaultMavenResourcesFiltering - skip non existing resourceDirectory C:\NaukriApp\NaukriProfileAutoUpdate\NaukriProfileUpdatesAutomation\src\main\resources
2025-03-18 23:36:33,611 [Worker-5: Building] INFO  o.a.m.s.f.DefaultMavenResourcesFiltering - skip non existing resourceDirectory C:\NaukriApp\NaukriProfileAutoUpdate\NaukriProfileUpdatesAutomation\src\test\resources
2025-03-20 18:46:00,900 [Worker-3: Loading available Gradle versions] INFO  o.e.b.c.i.u.g.PublishedGradleVersions - Gradle version information cache is out-of-date. Trying to update.
2025-03-20 18:46:06,473 [Worker-4: Building] INFO  o.a.m.s.f.DefaultMavenResourcesFiltering - skip non existing resourceDirectory C:\NaukriApp\NaukriProfileAutoUpdate\NaukriProfileUpdatesAutomation\src\main\resources
2025-03-20 18:46:06,481 [Worker-4: Building] INFO  o.a.m.s.f.DefaultMavenResourcesFiltering - skip non existing resourceDirectory C:\NaukriApp\NaukriProfileAutoUpdate\NaukriProfileUpdatesAutomation\src\test\resources
2025-03-21 22:16:20,228 [Worker-2: Loading available Gradle versions] INFO  o.e.b.c.i.u.g.PublishedGradleVersions - Gradle version information cache is out-of-date. Trying to update.
2025-03-21 22:22:55,499 [Worker-16: Building] INFO  o.a.m.s.f.DefaultMavenResourcesFiltering - skip non existing resourceDirectory C:\NaukriApp\NaukriProfileAutoUpdate\NaukriProfileUpdatesAutomation\src\main\resources
2025-03-21 22:22:55,531 [Worker-16: Building] INFO  o.a.m.s.f.DefaultMavenResourcesFiltering - skip non existing resourceDirectory C:\NaukriApp\NaukriProfileAutoUpdate\NaukriProfileUpdatesAutomation\src\test\resources
2025-03-21 22:23:11,527 [Worker-2: Building] INFO  o.a.m.s.f.DefaultMavenResourcesFiltering - skip non existing resourceDirectory C:\NaukriApp\NaukriProfileAutoUpdate\NaukriProfileUpdatesAutomation\src\main\resources
2025-03-21 22:23:11,529 [Worker-2: Building] INFO  o.a.m.s.f.DefaultMavenResourcesFiltering - skip non existing resourceDirectory C:\NaukriApp\NaukriProfileAutoUpdate\NaukriProfileUpdatesAutomation\src\test\resources
2025-03-26 21:26:27,518 [Worker-6: Loading available Gradle versions] INFO  o.e.b.c.i.u.g.PublishedGradleVersions - Gradle version information cache is out-of-date. Trying to update.
2025-03-27 16:12:26,799 [Worker-1: Loading available Gradle versions] INFO  o.e.b.c.i.u.g.PublishedGradleVersions - Gradle version information cache is up-to-date. Trying to read.
2025-03-28 13:46:47,261 [Worker-5: Loading available Gradle versions] INFO  o.e.b.c.i.u.g.PublishedGradleVersions - Gradle version information cache is out-of-date. Trying to update.
2025-03-30 09:26:05,666 [Worker-4: Loading available Gradle versions] INFO  o.e.b.c.i.u.g.PublishedGradleVersions - Gradle version information cache is out-of-date. Trying to update.
2025-03-30 09:31:22,386 [Worker-23: Building] INFO  o.a.m.s.f.DefaultMavenResourcesFiltering - skip non existing resourceDirectory C:\NaukriApp\NaukriProfileAutoUpdate\NaukriProfileUpdatesAutomation\src\main\resources
2025-03-30 09:31:22,394 [Worker-23: Building] INFO  o.a.m.s.f.DefaultMavenResourcesFiltering - skip non existing resourceDirectory C:\NaukriApp\NaukriProfileAutoUpdate\NaukriProfileUpdatesAutomation\src\test\resources
2025-03-30 09:34:34,240 [Worker-22: Building] INFO  o.a.m.s.f.DefaultMavenResourcesFiltering - skip non existing resourceDirectory C:\NaukriApp\NaukriProfileAutoUpdate\NaukriProfileUpdatesAutomation\src\main\resources
2025-03-30 09:34:34,243 [Worker-22: Building] INFO  o.a.m.s.f.DefaultMavenResourcesFiltering - skip non existing resourceDirectory C:\NaukriApp\NaukriProfileAutoUpdate\NaukriProfileUpdatesAutomation\src\test\resources
2025-03-30 09:37:23,815 [main] INFO  o.e.m.jdt.internal.UnitTestSupport - Updating ResumeHeadlineTest from maven configuration
2025-03-30 09:37:38,234 [Worker-26: Building] INFO  o.a.m.s.f.DefaultMavenResourcesFiltering - skip non existing resourceDirectory C:\NaukriApp\NaukriProfileAutoUpdate\NaukriProfileUpdatesAutomation\src\main\resources
2025-03-30 09:37:38,238 [Worker-26: Building] INFO  o.a.m.s.f.DefaultMavenResourcesFiltering - skip non existing resourceDirectory C:\NaukriApp\NaukriProfileAutoUpdate\NaukriProfileUpdatesAutomation\src\test\resources
2025-03-30 09:37:50,853 [Worker-23: Launching ResumeHeadlineTest] INFO  o.a.m.s.f.DefaultMavenResourcesFiltering - skip non existing resourceDirectory C:\NaukriApp\NaukriProfileAutoUpdate\NaukriProfileUpdatesAutomation\src\main\resources
2025-03-30 09:37:51,100 [Worker-23: Launching ResumeHeadlineTest] INFO  o.a.m.s.f.DefaultMavenResourcesFiltering - skip non existing resourceDirectory C:\NaukriApp\NaukriProfileAutoUpdate\NaukriProfileUpdatesAutomation\src\test\resources
2025-03-30 09:38:40,733 [Worker-23: Building] INFO  o.a.m.s.f.DefaultMavenResourcesFiltering - skip non existing resourceDirectory C:\NaukriApp\NaukriProfileAutoUpdate\NaukriProfileUpdatesAutomation\src\main\resources
2025-03-30 09:38:40,735 [Worker-23: Building] INFO  o.a.m.s.f.DefaultMavenResourcesFiltering - skip non existing resourceDirectory C:\NaukriApp\NaukriProfileAutoUpdate\NaukriProfileUpdatesAutomation\src\test\resources
2025-03-30 09:40:34,342 [Worker-23: Building] INFO  o.a.m.s.f.DefaultMavenResourcesFiltering - skip non existing resourceDirectory C:\NaukriApp\NaukriProfileAutoUpdate\NaukriProfileUpdatesAutomation\src\main\resources
2025-03-30 09:40:34,348 [Worker-23: Building] INFO  o.a.m.s.f.DefaultMavenResourcesFiltering - skip non existing resourceDirectory C:\NaukriApp\NaukriProfileAutoUpdate\NaukriProfileUpdatesAutomation\src\test\resources
2025-03-30 09:41:58,007 [Worker-26: Building] INFO  o.a.m.s.f.DefaultMavenResourcesFiltering - skip non existing resourceDirectory C:\NaukriApp\NaukriProfileAutoUpdate\NaukriProfileUpdatesAutomation\src\main\resources
2025-03-30 09:41:58,012 [Worker-26: Building] INFO  o.a.m.s.f.DefaultMavenResourcesFiltering - skip non existing resourceDirectory C:\NaukriApp\NaukriProfileAutoUpdate\NaukriProfileUpdatesAutomation\src\test\resources
2025-03-30 09:49:21,996 [Worker-24: Building] INFO  o.a.m.s.f.DefaultMavenResourcesFiltering - skip non existing resourceDirectory C:\NaukriApp\NaukriProfileAutoUpdate\NaukriProfileUpdatesAutomation\src\main\resources
2025-03-30 09:49:21,999 [Worker-24: Building] INFO  o.a.m.s.f.DefaultMavenResourcesFiltering - skip non existing resourceDirectory C:\NaukriApp\NaukriProfileAutoUpdate\NaukriProfileUpdatesAutomation\src\test\resources
2025-03-30 09:50:48,007 [Worker-7: Building] INFO  o.a.m.s.f.DefaultMavenResourcesFiltering - skip non existing resourceDirectory C:\NaukriApp\NaukriProfileAutoUpdate\NaukriProfileUpdatesAutomation\src\main\resources
2025-03-30 09:50:48,008 [Worker-7: Building] INFO  o.a.m.s.f.DefaultMavenResourcesFiltering - skip non existing resourceDirectory C:\NaukriApp\NaukriProfileAutoUpdate\NaukriProfileUpdatesAutomation\src\test\resources
2025-03-30 09:51:33,914 [Worker-7: Building] INFO  o.a.m.s.f.DefaultMavenResourcesFiltering - skip non existing resourceDirectory C:\NaukriApp\NaukriProfileAutoUpdate\NaukriProfileUpdatesAutomation\src\main\resources
2025-03-30 09:51:33,916 [Worker-7: Building] INFO  o.a.m.s.f.DefaultMavenResourcesFiltering - skip non existing resourceDirectory C:\NaukriApp\NaukriProfileAutoUpdate\NaukriProfileUpdatesAutomation\src\test\resources
2025-03-30 09:56:19,085 [Worker-28: Building] INFO  o.a.m.s.f.DefaultMavenResourcesFiltering - skip non existing resourceDirectory C:\NaukriApp\NaukriProfileAutoUpdate\NaukriProfileUpdatesAutomation\src\main\resources
2025-03-30 09:56:19,153 [Worker-28: Building] INFO  o.a.m.s.f.DefaultMavenResourcesFiltering - skip non existing resourceDirectory C:\NaukriApp\NaukriProfileAutoUpdate\NaukriProfileUpdatesAutomation\src\test\resources
2025-03-30 09:57:03,383 [Worker-28: Building] INFO  o.a.m.s.f.DefaultMavenResourcesFiltering - skip non existing resourceDirectory C:\NaukriApp\NaukriProfileAutoUpdate\NaukriProfileUpdatesAutomation\src\main\resources
2025-03-30 09:57:03,386 [Worker-28: Building] INFO  o.a.m.s.f.DefaultMavenResourcesFiltering - skip non existing resourceDirectory C:\NaukriApp\NaukriProfileAutoUpdate\NaukriProfileUpdatesAutomation\src\test\resources
2025-03-30 09:57:41,312 [Worker-24: Building] INFO  o.a.m.s.f.DefaultMavenResourcesFiltering - skip non existing resourceDirectory C:\NaukriApp\NaukriProfileAutoUpdate\NaukriProfileUpdatesAutomation\src\main\resources
2025-03-30 09:57:41,315 [Worker-24: Building] INFO  o.a.m.s.f.DefaultMavenResourcesFiltering - skip non existing resourceDirectory C:\NaukriApp\NaukriProfileAutoUpdate\NaukriProfileUpdatesAutomation\src\test\resources
2025-03-30 10:00:03,588 [Worker-27: Building] INFO  o.a.m.s.f.DefaultMavenResourcesFiltering - skip non existing resourceDirectory C:\NaukriApp\NaukriProfileAutoUpdate\NaukriProfileUpdatesAutomation\src\main\resources
2025-03-30 10:00:03,590 [Worker-27: Building] INFO  o.a.m.s.f.DefaultMavenResourcesFiltering - skip non existing resourceDirectory C:\NaukriApp\NaukriProfileAutoUpdate\NaukriProfileUpdatesAutomation\src\test\resources
2025-03-30 10:01:48,227 [Worker-7: Building] INFO  o.a.m.s.f.DefaultMavenResourcesFiltering - skip non existing resourceDirectory C:\NaukriApp\NaukriProfileAutoUpdate\NaukriProfileUpdatesAutomation\src\main\resources
2025-03-30 10:01:48,229 [Worker-7: Building] INFO  o.a.m.s.f.DefaultMavenResourcesFiltering - skip non existing resourceDirectory C:\NaukriApp\NaukriProfileAutoUpdate\NaukriProfileUpdatesAutomation\src\test\resources
2025-03-30 10:03:05,198 [Worker-24: Building] INFO  o.a.m.s.f.DefaultMavenResourcesFiltering - skip non existing resourceDirectory C:\NaukriApp\NaukriProfileAutoUpdate\NaukriProfileUpdatesAutomation\src\main\resources
2025-03-30 10:03:05,201 [Worker-24: Building] INFO  o.a.m.s.f.DefaultMavenResourcesFiltering - skip non existing resourceDirectory C:\NaukriApp\NaukriProfileAutoUpdate\NaukriProfileUpdatesAutomation\src\test\resources
2025-03-30 10:05:03,540 [Worker-28: Building] INFO  o.a.m.s.f.DefaultMavenResourcesFiltering - skip non existing resourceDirectory C:\NaukriApp\NaukriProfileAutoUpdate\NaukriProfileUpdatesAutomation\src\main\resources
2025-03-30 10:05:03,544 [Worker-28: Building] INFO  o.a.m.s.f.DefaultMavenResourcesFiltering - skip non existing resourceDirectory C:\NaukriApp\NaukriProfileAutoUpdate\NaukriProfileUpdatesAutomation\src\test\resources
2025-03-30 10:10:09,890 [Worker-31: Building] INFO  o.a.m.s.f.DefaultMavenResourcesFiltering - skip non existing resourceDirectory C:\NaukriApp\NaukriProfileAutoUpdate\NaukriProfileUpdatesAutomation\src\main\resources
2025-03-30 10:10:09,959 [Worker-31: Building] INFO  o.a.m.s.f.DefaultMavenResourcesFiltering - skip non existing resourceDirectory C:\NaukriApp\NaukriProfileAutoUpdate\NaukriProfileUpdatesAutomation\src\test\resources
2025-03-30 10:26:03,433 [Worker-35: Building] INFO  o.a.m.s.f.DefaultMavenResourcesFiltering - skip non existing resourceDirectory C:\NaukriApp\NaukriProfileAutoUpdate\NaukriProfileUpdatesAutomation\src\main\resources
2025-03-30 10:26:03,438 [Worker-35: Building] INFO  o.a.m.s.f.DefaultMavenResourcesFiltering - skip non existing resourceDirectory C:\NaukriApp\NaukriProfileAutoUpdate\NaukriProfileUpdatesAutomation\src\test\resources
2025-03-30 10:26:05,224 [Worker-35: Building] INFO  o.a.m.s.f.DefaultMavenResourcesFiltering - skip non existing resourceDirectory C:\NaukriApp\NaukriProfileAutoUpdate\NaukriProfileUpdatesAutomation\src\main\resources
2025-03-30 10:26:05,386 [Worker-35: Building] INFO  o.a.m.s.f.DefaultMavenResourcesFiltering - skip non existing resourceDirectory C:\NaukriApp\NaukriProfileAutoUpdate\NaukriProfileUpdatesAutomation\src\test\resources
2025-03-30 10:27:15,471 [Worker-41: Building] INFO  o.a.m.s.f.DefaultMavenResourcesFiltering - skip non existing resourceDirectory C:\NaukriApp\NaukriProfileAutoUpdate\NaukriProfileUpdatesAutomation\src\main\resources
2025-03-30 10:27:15,475 [Worker-41: Building] INFO  o.a.m.s.f.DefaultMavenResourcesFiltering - skip non existing resourceDirectory C:\NaukriApp\NaukriProfileAutoUpdate\NaukriProfileUpdatesAutomation\src\test\resources
2025-03-30 11:09:47,145 [Worker-1: Loading available Gradle versions] INFO  o.e.b.c.i.u.g.PublishedGradleVersions - Gradle version information cache is up-to-date. Trying to read.
2025-03-30 11:11:27,488 [Worker-4: Building] INFO  o.a.m.s.f.DefaultMavenResourcesFiltering - skip non existing resourceDirectory C:\NaukriApp\NaukriProfileAutoUpdate\NaukriProfileUpdatesAutomation\src\main\resources
2025-03-30 11:11:27,493 [Worker-4: Building] INFO  o.a.m.s.f.DefaultMavenResourcesFiltering - skip non existing resourceDirectory C:\NaukriApp\NaukriProfileAutoUpdate\NaukriProfileUpdatesAutomation\src\test\resources
2025-03-30 20:49:56,716 [Worker-29: Building] INFO  o.a.m.s.f.DefaultMavenResourcesFiltering - skip non existing resourceDirectory C:\NaukriApp\NaukriProfileAutoUpdate\NaukriProfileUpdatesAutomation\src\main\resources
2025-03-30 20:49:56,739 [Worker-29: Building] INFO  o.a.m.s.f.DefaultMavenResourcesFiltering - skip non existing resourceDirectory C:\NaukriApp\NaukriProfileAutoUpdate\NaukriProfileUpdatesAutomation\src\test\resources
2025-03-30 21:07:30,098 [Worker-3: Loading available Gradle versions] INFO  o.e.b.c.i.u.g.PublishedGradleVersions - Gradle version information cache is up-to-date. Trying to read.
2025-03-30 21:09:48,794 [Worker-2: Building] INFO  o.a.m.s.f.DefaultMavenResourcesFiltering - skip non existing resourceDirectory C:\NaukriApp\NaukriProfileAutoUpdate\NaukriProfileUpdatesAutomation\src\main\resources
2025-03-30 21:09:48,804 [Worker-2: Building] INFO  o.a.m.s.f.DefaultMavenResourcesFiltering - skip non existing resourceDirectory C:\NaukriApp\NaukriProfileAutoUpdate\NaukriProfileUpdatesAutomation\src\test\resources
2025-03-30 21:10:06,903 [Worker-21: Building] INFO  o.a.m.s.f.DefaultMavenResourcesFiltering - skip non existing resourceDirectory C:\NaukriApp\NaukriProfileAutoUpdate\NaukriProfileUpdatesAutomation\src\main\resources
2025-03-30 21:10:06,905 [Worker-21: Building] INFO  o.a.m.s.f.DefaultMavenResourcesFiltering - skip non existing resourceDirectory C:\NaukriApp\NaukriProfileAutoUpdate\NaukriProfileUpdatesAutomation\src\test\resources
2025-03-30 21:12:41,108 [Worker-11: Building] INFO  o.a.m.s.f.DefaultMavenResourcesFiltering - skip non existing resourceDirectory C:\NaukriApp\NaukriProfileAutoUpdate\NaukriProfileUpdatesAutomation\src\main\resources
2025-03-30 21:12:41,110 [Worker-11: Building] INFO  o.a.m.s.f.DefaultMavenResourcesFiltering - skip non existing resourceDirectory C:\NaukriApp\NaukriProfileAutoUpdate\NaukriProfileUpdatesAutomation\src\test\resources
2025-03-30 21:12:53,357 [Worker-3: Building] INFO  o.a.m.s.f.DefaultMavenResourcesFiltering - skip non existing resourceDirectory C:\NaukriApp\NaukriProfileAutoUpdate\NaukriProfileUpdatesAutomation\src\main\resources
2025-03-30 21:12:53,361 [Worker-3: Building] INFO  o.a.m.s.f.DefaultMavenResourcesFiltering - skip non existing resourceDirectory C:\NaukriApp\NaukriProfileAutoUpdate\NaukriProfileUpdatesAutomation\src\test\resources
2025-03-30 21:13:00,677 [Worker-3: Building] INFO  o.a.m.s.f.DefaultMavenResourcesFiltering - skip non existing resourceDirectory C:\NaukriApp\NaukriProfileAutoUpdate\NaukriProfileUpdatesAutomation\src\main\resources
2025-03-30 21:13:00,680 [Worker-3: Building] INFO  o.a.m.s.f.DefaultMavenResourcesFiltering - skip non existing resourceDirectory C:\NaukriApp\NaukriProfileAutoUpdate\NaukriProfileUpdatesAutomation\src\test\resources
2025-03-30 21:13:28,833 [Worker-3: Launching LoginTest] INFO  o.a.m.s.f.DefaultMavenResourcesFiltering - skip non existing resourceDirectory C:\NaukriApp\NaukriProfileAutoUpdate\NaukriProfileUpdatesAutomation\src\main\resources
2025-03-30 21:13:28,837 [Worker-3: Launching LoginTest] INFO  o.a.m.s.f.DefaultMavenResourcesFiltering - skip non existing resourceDirectory C:\NaukriApp\NaukriProfileAutoUpdate\NaukriProfileUpdatesAutomation\src\test\resources
2025-03-30 21:14:09,104 [Worker-16: Building] INFO  o.a.m.s.f.DefaultMavenResourcesFiltering - skip non existing resourceDirectory C:\NaukriApp\NaukriProfileAutoUpdate\NaukriProfileUpdatesAutomation\src\main\resources
2025-03-30 21:14:09,105 [Worker-16: Building] INFO  o.a.m.s.f.DefaultMavenResourcesFiltering - skip non existing resourceDirectory C:\NaukriApp\NaukriProfileAutoUpdate\NaukriProfileUpdatesAutomation\src\test\resources
2025-03-30 21:16:04,197 [Worker-16: Building] INFO  o.a.m.s.f.DefaultMavenResourcesFiltering - skip non existing resourceDirectory C:\NaukriApp\NaukriProfileAutoUpdate\NaukriProfileUpdatesAutomation\src\main\resources
2025-03-30 21:16:04,198 [Worker-16: Building] INFO  o.a.m.s.f.DefaultMavenResourcesFiltering - skip non existing resourceDirectory C:\NaukriApp\NaukriProfileAutoUpdate\NaukriProfileUpdatesAutomation\src\test\resources
2025-03-30 21:18:44,417 [Worker-1: Building] INFO  o.a.m.s.f.DefaultMavenResourcesFiltering - skip non existing resourceDirectory C:\NaukriApp\NaukriProfileAutoUpdate\NaukriProfileUpdatesAutomation\src\main\resources
2025-03-30 21:18:44,422 [Worker-1: Building] INFO  o.a.m.s.f.DefaultMavenResourcesFiltering - skip non existing resourceDirectory C:\NaukriApp\NaukriProfileAutoUpdate\NaukriProfileUpdatesAutomation\src\test\resources
2025-03-30 21:20:30,518 [Worker-18: Building] INFO  o.a.m.s.f.DefaultMavenResourcesFiltering - skip non existing resourceDirectory C:\NaukriApp\NaukriProfileAutoUpdate\NaukriProfileUpdatesAutomation\src\main\resources
2025-03-30 21:20:30,520 [Worker-18: Building] INFO  o.a.m.s.f.DefaultMavenResourcesFiltering - skip non existing resourceDirectory C:\NaukriApp\NaukriProfileAutoUpdate\NaukriProfileUpdatesAutomation\src\test\resources
2025-03-30 21:21:13,456 [Worker-4: Building] INFO  o.a.m.s.f.DefaultMavenResourcesFiltering - skip non existing resourceDirectory C:\NaukriApp\NaukriProfileAutoUpdate\NaukriProfileUpdatesAutomation\src\main\resources
2025-03-30 21:21:13,458 [Worker-4: Building] INFO  o.a.m.s.f.DefaultMavenResourcesFiltering - skip non existing resourceDirectory C:\NaukriApp\NaukriProfileAutoUpdate\NaukriProfileUpdatesAutomation\src\test\resources
2025-03-30 21:24:02,277 [Worker-11: Building] INFO  o.a.m.s.f.DefaultMavenResourcesFiltering - skip non existing resourceDirectory C:\NaukriApp\NaukriProfileAutoUpdate\NaukriProfileUpdatesAutomation\src\main\resources
2025-03-30 21:24:02,279 [Worker-11: Building] INFO  o.a.m.s.f.DefaultMavenResourcesFiltering - skip non existing resourceDirectory C:\NaukriApp\NaukriProfileAutoUpdate\NaukriProfileUpdatesAutomation\src\test\resources
2025-03-30 21:26:10,766 [Worker-18: Building] INFO  o.a.m.s.f.DefaultMavenResourcesFiltering - skip non existing resourceDirectory C:\NaukriApp\NaukriProfileAutoUpdate\NaukriProfileUpdatesAutomation\src\main\resources
2025-03-30 21:26:10,768 [Worker-18: Building] INFO  o.a.m.s.f.DefaultMavenResourcesFiltering - skip non existing resourceDirectory C:\NaukriApp\NaukriProfileAutoUpdate\NaukriProfileUpdatesAutomation\src\test\resources
2025-03-30 21:26:20,259 [Worker-4: Launching Executing test in C__NaukriApp_NaukriProfileAutoUpdate_NaukriProfileUpdatesAutomation] INFO  o.eclipse.m2e.core.internal.Bundles - getClasspathEntries(Bundle=org.eclipse.m2e.maven.runtime_3.9.900.20240824-1409 [297])
2025-03-30 21:26:20,261 [Worker-4: Launching Executing test in C__NaukriApp_NaukriProfileAutoUpdate_NaukriProfileUpdatesAutomation] INFO  o.eclipse.m2e.core.internal.Bundles - 	Entry: C:\Users\bharath\.p2\pool\plugins\org.eclipse.m2e.maven.runtime_3.9.900.20240824-1409
2025-03-30 21:26:20,261 [Worker-4: Launching Executing test in C__NaukriApp_NaukriProfileAutoUpdate_NaukriProfileUpdatesAutomation] INFO  o.eclipse.m2e.core.internal.Bundles - 	Entry: C:\Users\bharath\.p2\pool\plugins\org.eclipse.m2e.maven.runtime_3.9.900.20240824-1409\jars\aopalliance-1.0.jar
2025-03-30 21:26:20,261 [Worker-4: Launching Executing test in C__NaukriApp_NaukriProfileAutoUpdate_NaukriProfileUpdatesAutomation] INFO  o.eclipse.m2e.core.internal.Bundles - 	Entry: C:\Users\bharath\.p2\pool\plugins\org.eclipse.m2e.maven.runtime_3.9.900.20240824-1409\jars\guice-5.1.0.jar
2025-03-30 21:26:20,262 [Worker-4: Launching Executing test in C__NaukriApp_NaukriProfileAutoUpdate_NaukriProfileUpdatesAutomation] INFO  o.eclipse.m2e.core.internal.Bundles - 	Entry: C:\Users\bharath\.p2\pool\plugins\org.eclipse.m2e.maven.runtime_3.9.900.20240824-1409\jars\httpclient-4.5.14.jar
2025-03-30 21:26:20,262 [Worker-4: Launching Executing test in C__NaukriApp_NaukriProfileAutoUpdate_NaukriProfileUpdatesAutomation] INFO  o.eclipse.m2e.core.internal.Bundles - 	Entry: C:\Users\bharath\.p2\pool\plugins\org.eclipse.m2e.maven.runtime_3.9.900.20240824-1409\jars\httpcore-4.4.16.jar
2025-03-30 21:26:20,262 [Worker-4: Launching Executing test in C__NaukriApp_NaukriProfileAutoUpdate_NaukriProfileUpdatesAutomation] INFO  o.eclipse.m2e.core.internal.Bundles - 	Entry: C:\Users\bharath\.p2\pool\plugins\org.eclipse.m2e.maven.runtime_3.9.900.20240824-1409\jars\jansi-2.4.1.jar
2025-03-30 21:26:20,262 [Worker-4: Launching Executing test in C__NaukriApp_NaukriProfileAutoUpdate_NaukriProfileUpdatesAutomation] INFO  o.eclipse.m2e.core.internal.Bundles - 	Entry: C:\Users\bharath\.p2\pool\plugins\org.eclipse.m2e.maven.runtime_3.9.900.20240824-1409\jars\jcl-over-slf4j-1.7.36.jar
2025-03-30 21:26:20,262 [Worker-4: Launching Executing test in C__NaukriApp_NaukriProfileAutoUpdate_NaukriProfileUpdatesAutomation] INFO  o.eclipse.m2e.core.internal.Bundles - 	Entry: C:\Users\bharath\.p2\pool\plugins\org.eclipse.m2e.maven.runtime_3.9.900.20240824-1409\jars\maven-artifact-3.9.9.jar
2025-03-30 21:26:20,262 [Worker-4: Launching Executing test in C__NaukriApp_NaukriProfileAutoUpdate_NaukriProfileUpdatesAutomation] INFO  o.eclipse.m2e.core.internal.Bundles - 	Entry: C:\Users\bharath\.p2\pool\plugins\org.eclipse.m2e.maven.runtime_3.9.900.20240824-1409\jars\maven-builder-support-3.9.9.jar
2025-03-30 21:26:20,262 [Worker-4: Launching Executing test in C__NaukriApp_NaukriProfileAutoUpdate_NaukriProfileUpdatesAutomation] INFO  o.eclipse.m2e.core.internal.Bundles - 	Entry: C:\Users\bharath\.p2\pool\plugins\org.eclipse.m2e.maven.runtime_3.9.900.20240824-1409\jars\maven-compat-3.9.9.jar
2025-03-30 21:26:20,262 [Worker-4: Launching Executing test in C__NaukriApp_NaukriProfileAutoUpdate_NaukriProfileUpdatesAutomation] INFO  o.eclipse.m2e.core.internal.Bundles - 	Entry: C:\Users\bharath\.p2\pool\plugins\org.eclipse.m2e.maven.runtime_3.9.900.20240824-1409\jars\maven-core-3.9.9.jar
2025-03-30 21:26:20,262 [Worker-4: Launching Executing test in C__NaukriApp_NaukriProfileAutoUpdate_NaukriProfileUpdatesAutomation] INFO  o.eclipse.m2e.core.internal.Bundles - 	Entry: C:\Users\bharath\.p2\pool\plugins\org.eclipse.m2e.maven.runtime_3.9.900.20240824-1409\jars\maven-embedder-3.9.9.jar
2025-03-30 21:26:20,262 [Worker-4: Launching Executing test in C__NaukriApp_NaukriProfileAutoUpdate_NaukriProfileUpdatesAutomation] INFO  o.eclipse.m2e.core.internal.Bundles - 	Entry: C:\Users\bharath\.p2\pool\plugins\org.eclipse.m2e.maven.runtime_3.9.900.20240824-1409\jars\maven-model-3.9.9.jar
2025-03-30 21:26:20,262 [Worker-4: Launching Executing test in C__NaukriApp_NaukriProfileAutoUpdate_NaukriProfileUpdatesAutomation] INFO  o.eclipse.m2e.core.internal.Bundles - 	Entry: C:\Users\bharath\.p2\pool\plugins\org.eclipse.m2e.maven.runtime_3.9.900.20240824-1409\jars\maven-model-builder-3.9.9.jar
2025-03-30 21:26:20,262 [Worker-4: Launching Executing test in C__NaukriApp_NaukriProfileAutoUpdate_NaukriProfileUpdatesAutomation] INFO  o.eclipse.m2e.core.internal.Bundles - 	Entry: C:\Users\bharath\.p2\pool\plugins\org.eclipse.m2e.maven.runtime_3.9.900.20240824-1409\jars\maven-plugin-api-3.9.9.jar
2025-03-30 21:26:20,262 [Worker-4: Launching Executing test in C__NaukriApp_NaukriProfileAutoUpdate_NaukriProfileUpdatesAutomation] INFO  o.eclipse.m2e.core.internal.Bundles - 	Entry: C:\Users\bharath\.p2\pool\plugins\org.eclipse.m2e.maven.runtime_3.9.900.20240824-1409\jars\maven-repository-metadata-3.9.9.jar
2025-03-30 21:26:20,264 [Worker-4: Launching Executing test in C__NaukriApp_NaukriProfileAutoUpdate_NaukriProfileUpdatesAutomation] INFO  o.eclipse.m2e.core.internal.Bundles - 	Entry: C:\Users\bharath\.p2\pool\plugins\org.eclipse.m2e.maven.runtime_3.9.900.20240824-1409\jars\maven-resolver-api-1.9.22.jar
2025-03-30 21:26:20,264 [Worker-4: Launching Executing test in C__NaukriApp_NaukriProfileAutoUpdate_NaukriProfileUpdatesAutomation] INFO  o.eclipse.m2e.core.internal.Bundles - 	Entry: C:\Users\bharath\.p2\pool\plugins\org.eclipse.m2e.maven.runtime_3.9.900.20240824-1409\jars\maven-resolver-connector-basic-1.9.22.jar
2025-03-30 21:26:20,264 [Worker-4: Launching Executing test in C__NaukriApp_NaukriProfileAutoUpdate_NaukriProfileUpdatesAutomation] INFO  o.eclipse.m2e.core.internal.Bundles - 	Entry: C:\Users\bharath\.p2\pool\plugins\org.eclipse.m2e.maven.runtime_3.9.900.20240824-1409\jars\maven-resolver-impl-1.9.22.jar
2025-03-30 21:26:20,264 [Worker-4: Launching Executing test in C__NaukriApp_NaukriProfileAutoUpdate_NaukriProfileUpdatesAutomation] INFO  o.eclipse.m2e.core.internal.Bundles - 	Entry: C:\Users\bharath\.p2\pool\plugins\org.eclipse.m2e.maven.runtime_3.9.900.20240824-1409\jars\maven-resolver-named-locks-1.9.22.jar
2025-03-30 21:26:20,264 [Worker-4: Launching Executing test in C__NaukriApp_NaukriProfileAutoUpdate_NaukriProfileUpdatesAutomation] INFO  o.eclipse.m2e.core.internal.Bundles - 	Entry: C:\Users\bharath\.p2\pool\plugins\org.eclipse.m2e.maven.runtime_3.9.900.20240824-1409\jars\maven-resolver-provider-3.9.9.jar
2025-03-30 21:26:20,265 [Worker-4: Launching Executing test in C__NaukriApp_NaukriProfileAutoUpdate_NaukriProfileUpdatesAutomation] INFO  o.eclipse.m2e.core.internal.Bundles - 	Entry: C:\Users\bharath\.p2\pool\plugins\org.eclipse.m2e.maven.runtime_3.9.900.20240824-1409\jars\maven-resolver-spi-1.9.22.jar
2025-03-30 21:26:20,265 [Worker-4: Launching Executing test in C__NaukriApp_NaukriProfileAutoUpdate_NaukriProfileUpdatesAutomation] INFO  o.eclipse.m2e.core.internal.Bundles - 	Entry: C:\Users\bharath\.p2\pool\plugins\org.eclipse.m2e.maven.runtime_3.9.900.20240824-1409\jars\maven-resolver-transport-file-1.9.22.jar
2025-03-30 21:26:20,265 [Worker-4: Launching Executing test in C__NaukriApp_NaukriProfileAutoUpdate_NaukriProfileUpdatesAutomation] INFO  o.eclipse.m2e.core.internal.Bundles - 	Entry: C:\Users\bharath\.p2\pool\plugins\org.eclipse.m2e.maven.runtime_3.9.900.20240824-1409\jars\maven-resolver-transport-http-1.9.22.jar
2025-03-30 21:26:20,265 [Worker-4: Launching Executing test in C__NaukriApp_NaukriProfileAutoUpdate_NaukriProfileUpdatesAutomation] INFO  o.eclipse.m2e.core.internal.Bundles - 	Entry: C:\Users\bharath\.p2\pool\plugins\org.eclipse.m2e.maven.runtime_3.9.900.20240824-1409\jars\maven-resolver-transport-wagon-1.9.22.jar
2025-03-30 21:26:20,265 [Worker-4: Launching Executing test in C__NaukriApp_NaukriProfileAutoUpdate_NaukriProfileUpdatesAutomation] INFO  o.eclipse.m2e.core.internal.Bundles - 	Entry: C:\Users\bharath\.p2\pool\plugins\org.eclipse.m2e.maven.runtime_3.9.900.20240824-1409\jars\maven-resolver-util-1.9.22.jar
2025-03-30 21:26:20,265 [Worker-4: Launching Executing test in C__NaukriApp_NaukriProfileAutoUpdate_NaukriProfileUpdatesAutomation] INFO  o.eclipse.m2e.core.internal.Bundles - 	Entry: C:\Users\bharath\.p2\pool\plugins\org.eclipse.m2e.maven.runtime_3.9.900.20240824-1409\jars\maven-settings-3.9.9.jar
2025-03-30 21:26:20,265 [Worker-4: Launching Executing test in C__NaukriApp_NaukriProfileAutoUpdate_NaukriProfileUpdatesAutomation] INFO  o.eclipse.m2e.core.internal.Bundles - 	Entry: C:\Users\bharath\.p2\pool\plugins\org.eclipse.m2e.maven.runtime_3.9.900.20240824-1409\jars\maven-settings-builder-3.9.9.jar
2025-03-30 21:26:20,265 [Worker-4: Launching Executing test in C__NaukriApp_NaukriProfileAutoUpdate_NaukriProfileUpdatesAutomation] INFO  o.eclipse.m2e.core.internal.Bundles - 	Entry: C:\Users\bharath\.p2\pool\plugins\org.eclipse.m2e.maven.runtime_3.9.900.20240824-1409\jars\maven-shared-utils-3.4.2.jar
2025-03-30 21:26:20,265 [Worker-4: Launching Executing test in C__NaukriApp_NaukriProfileAutoUpdate_NaukriProfileUpdatesAutomation] INFO  o.eclipse.m2e.core.internal.Bundles - 	Entry: C:\Users\bharath\.p2\pool\plugins\org.eclipse.m2e.maven.runtime_3.9.900.20240824-1409\jars\org.eclipse.sisu.inject-0.9.0.M3.jar
2025-03-30 21:26:20,265 [Worker-4: Launching Executing test in C__NaukriApp_NaukriProfileAutoUpdate_NaukriProfileUpdatesAutomation] INFO  o.eclipse.m2e.core.internal.Bundles - 	Entry: C:\Users\bharath\.p2\pool\plugins\org.eclipse.m2e.maven.runtime_3.9.900.20240824-1409\jars\org.eclipse.sisu.plexus-0.9.0.M3.jar
2025-03-30 21:26:20,265 [Worker-4: Launching Executing test in C__NaukriApp_NaukriProfileAutoUpdate_NaukriProfileUpdatesAutomation] INFO  o.eclipse.m2e.core.internal.Bundles - 	Entry: C:\Users\bharath\.p2\pool\plugins\org.eclipse.m2e.maven.runtime_3.9.900.20240824-1409\jars\plexus-build-api-0.0.7.jar
2025-03-30 21:26:20,266 [Worker-4: Launching Executing test in C__NaukriApp_NaukriProfileAutoUpdate_NaukriProfileUpdatesAutomation] INFO  o.eclipse.m2e.core.internal.Bundles - 	Entry: C:\Users\bharath\.p2\pool\plugins\org.eclipse.m2e.maven.runtime_3.9.900.20240824-1409\jars\plexus-build-api-1.2.0.jar
2025-03-30 21:26:20,266 [Worker-4: Launching Executing test in C__NaukriApp_NaukriProfileAutoUpdate_NaukriProfileUpdatesAutomation] INFO  o.eclipse.m2e.core.internal.Bundles - 	Entry: C:\Users\bharath\.p2\pool\plugins\org.eclipse.m2e.maven.runtime_3.9.900.20240824-1409\jars\plexus-cipher-2.0.jar
2025-03-30 21:26:20,266 [Worker-4: Launching Executing test in C__NaukriApp_NaukriProfileAutoUpdate_NaukriProfileUpdatesAutomation] INFO  o.eclipse.m2e.core.internal.Bundles - 	Entry: C:\Users\bharath\.p2\pool\plugins\org.eclipse.m2e.maven.runtime_3.9.900.20240824-1409\jars\plexus-classworlds-2.8.0.jar
2025-03-30 21:26:20,266 [Worker-4: Launching Executing test in C__NaukriApp_NaukriProfileAutoUpdate_NaukriProfileUpdatesAutomation] INFO  o.eclipse.m2e.core.internal.Bundles - 	Entry: C:\Users\bharath\.p2\pool\plugins\org.eclipse.m2e.maven.runtime_3.9.900.20240824-1409\jars\plexus-component-annotations-2.1.0.jar
2025-03-30 21:26:20,266 [Worker-4: Launching Executing test in C__NaukriApp_NaukriProfileAutoUpdate_NaukriProfileUpdatesAutomation] INFO  o.eclipse.m2e.core.internal.Bundles - 	Entry: C:\Users\bharath\.p2\pool\plugins\org.eclipse.m2e.maven.runtime_3.9.900.20240824-1409\jars\plexus-interpolation-1.27.jar
2025-03-30 21:26:20,266 [Worker-4: Launching Executing test in C__NaukriApp_NaukriProfileAutoUpdate_NaukriProfileUpdatesAutomation] INFO  o.eclipse.m2e.core.internal.Bundles - 	Entry: C:\Users\bharath\.p2\pool\plugins\org.eclipse.m2e.maven.runtime_3.9.900.20240824-1409\jars\plexus-sec-dispatcher-2.0.jar
2025-03-30 21:26:20,266 [Worker-4: Launching Executing test in C__NaukriApp_NaukriProfileAutoUpdate_NaukriProfileUpdatesAutomation] INFO  o.eclipse.m2e.core.internal.Bundles - 	Entry: C:\Users\bharath\.p2\pool\plugins\org.eclipse.m2e.maven.runtime_3.9.900.20240824-1409\jars\plexus-utils-3.5.1.jar
2025-03-30 21:26:20,266 [Worker-4: Launching Executing test in C__NaukriApp_NaukriProfileAutoUpdate_NaukriProfileUpdatesAutomation] INFO  o.eclipse.m2e.core.internal.Bundles - 	Entry: C:\Users\bharath\.p2\pool\plugins\org.eclipse.m2e.maven.runtime_3.9.900.20240824-1409\jars\plexus-xml-3.0.1.jar
2025-03-30 21:26:20,267 [Worker-4: Launching Executing test in C__NaukriApp_NaukriProfileAutoUpdate_NaukriProfileUpdatesAutomation] INFO  o.eclipse.m2e.core.internal.Bundles - 	Entry: C:\Users\bharath\.p2\pool\plugins\org.eclipse.m2e.maven.runtime_3.9.900.20240824-1409\jars\wagon-file-3.5.3.jar
2025-03-30 21:26:20,267 [Worker-4: Launching Executing test in C__NaukriApp_NaukriProfileAutoUpdate_NaukriProfileUpdatesAutomation] INFO  o.eclipse.m2e.core.internal.Bundles - 	Entry: C:\Users\bharath\.p2\pool\plugins\org.eclipse.m2e.maven.runtime_3.9.900.20240824-1409\jars\wagon-http-3.5.3.jar
2025-03-30 21:26:20,267 [Worker-4: Launching Executing test in C__NaukriApp_NaukriProfileAutoUpdate_NaukriProfileUpdatesAutomation] INFO  o.eclipse.m2e.core.internal.Bundles - 	Entry: C:\Users\bharath\.p2\pool\plugins\org.eclipse.m2e.maven.runtime_3.9.900.20240824-1409\jars\wagon-http-shared-3.5.3.jar
2025-03-30 21:26:20,267 [Worker-4: Launching Executing test in C__NaukriApp_NaukriProfileAutoUpdate_NaukriProfileUpdatesAutomation] INFO  o.eclipse.m2e.core.internal.Bundles - 	Entry: C:\Users\bharath\.p2\pool\plugins\org.eclipse.m2e.maven.runtime_3.9.900.20240824-1409\jars\wagon-provider-api-3.5.3.jar
2025-03-30 21:26:20,269 [Worker-4: Launching Executing test in C__NaukriApp_NaukriProfileAutoUpdate_NaukriProfileUpdatesAutomation] INFO  o.eclipse.m2e.core.internal.Bundles - getClasspathEntries(Bundle=com.google.guava_33.3.0.jre [10])
2025-03-30 21:26:20,270 [Worker-4: Launching Executing test in C__NaukriApp_NaukriProfileAutoUpdate_NaukriProfileUpdatesAutomation] INFO  o.eclipse.m2e.core.internal.Bundles - 	Entry: C:\Users\bharath\.p2\pool\plugins\com.google.guava_33.3.0.jre.jar
2025-03-30 21:26:20,270 [Worker-4: Launching Executing test in C__NaukriApp_NaukriProfileAutoUpdate_NaukriProfileUpdatesAutomation] INFO  o.eclipse.m2e.core.internal.Bundles - getClasspathEntries(Bundle=slf4j.api_2.0.16 [519])
2025-03-30 21:26:20,270 [Worker-4: Launching Executing test in C__NaukriApp_NaukriProfileAutoUpdate_NaukriProfileUpdatesAutomation] INFO  o.eclipse.m2e.core.internal.Bundles - 	Entry: C:\Users\bharath\.p2\pool\plugins\slf4j.api_2.0.16.jar
2025-03-30 21:26:20,270 [Worker-4: Launching Executing test in C__NaukriApp_NaukriProfileAutoUpdate_NaukriProfileUpdatesAutomation] INFO  o.eclipse.m2e.core.internal.Bundles - getClasspathEntries(Bundle=jakarta.inject.jakarta.inject-api_1.0.5 [22])
2025-03-30 21:26:20,271 [Worker-4: Launching Executing test in C__NaukriApp_NaukriProfileAutoUpdate_NaukriProfileUpdatesAutomation] INFO  o.eclipse.m2e.core.internal.Bundles - 	Entry: C:\Users\bharath\.p2\pool\plugins\jakarta.inject.jakarta.inject-api_1.0.5.jar
2025-03-30 21:26:20,271 [Worker-4: Launching Executing test in C__NaukriApp_NaukriProfileAutoUpdate_NaukriProfileUpdatesAutomation] INFO  o.eclipse.m2e.core.internal.Bundles - getClasspathEntries(Bundle=jakarta.annotation-api_1.3.5 [20])
2025-03-30 21:26:20,271 [Worker-4: Launching Executing test in C__NaukriApp_NaukriProfileAutoUpdate_NaukriProfileUpdatesAutomation] INFO  o.eclipse.m2e.core.internal.Bundles - 	Entry: C:\Users\bharath\.p2\pool\plugins\jakarta.annotation-api_1.3.5.jar
2025-03-30 21:26:20,271 [Worker-4: Launching Executing test in C__NaukriApp_NaukriProfileAutoUpdate_NaukriProfileUpdatesAutomation] INFO  o.eclipse.m2e.core.internal.Bundles - getClasspathEntries(Bundle=org.apache.commons.cli_1.9.0 [47])
2025-03-30 21:26:20,271 [Worker-4: Launching Executing test in C__NaukriApp_NaukriProfileAutoUpdate_NaukriProfileUpdatesAutomation] INFO  o.eclipse.m2e.core.internal.Bundles - 	Entry: C:\Users\bharath\.p2\pool\plugins\org.apache.commons.cli_1.9.0.jar
2025-03-30 21:26:20,271 [Worker-4: Launching Executing test in C__NaukriApp_NaukriProfileAutoUpdate_NaukriProfileUpdatesAutomation] INFO  o.eclipse.m2e.core.internal.Bundles - getClasspathEntries(Bundle=org.apache.commons.commons-codec_1.16.0 [50])
2025-03-30 21:26:20,271 [Worker-4: Launching Executing test in C__NaukriApp_NaukriProfileAutoUpdate_NaukriProfileUpdatesAutomation] INFO  o.eclipse.m2e.core.internal.Bundles - 	Entry: C:\Users\bharath\.p2\pool\plugins\org.apache.commons.commons-codec_1.16.0.jar
2025-03-30 21:26:20,271 [Worker-4: Launching Executing test in C__NaukriApp_NaukriProfileAutoUpdate_NaukriProfileUpdatesAutomation] INFO  o.eclipse.m2e.core.internal.Bundles - getClasspathEntries(Bundle=com.google.guava.failureaccess_1.0.2 [11])
2025-03-30 21:26:20,271 [Worker-4: Launching Executing test in C__NaukriApp_NaukriProfileAutoUpdate_NaukriProfileUpdatesAutomation] INFO  o.eclipse.m2e.core.internal.Bundles - 	Entry: C:\Users\bharath\.p2\pool\plugins\com.google.guava.failureaccess_1.0.2.jar
2025-03-30 21:26:20,277 [Worker-4: Launching Executing test in C__NaukriApp_NaukriProfileAutoUpdate_NaukriProfileUpdatesAutomation] INFO  o.e.m.i.launch.MavenLaunchDelegate - Run build in "C:\NaukriApp\NaukriProfileAutoUpdate\NaukriProfileUpdatesAutomation":
2025-03-30 21:26:20,277 [Worker-4: Launching Executing test in C__NaukriApp_NaukriProfileAutoUpdate_NaukriProfileUpdatesAutomation] INFO  o.e.m.i.launch.MavenLaunchDelegate -  mvn  -B -Dstyle.color=always test
2025-03-30 21:26:36,499 [Worker-18: Building] INFO  o.a.m.s.f.DefaultMavenResourcesFiltering - skip non existing resourceDirectory C:\NaukriApp\NaukriProfileAutoUpdate\NaukriProfileUpdatesAutomation\src\main\resources
2025-03-30 21:26:36,501 [Worker-18: Building] INFO  o.a.m.s.f.DefaultMavenResourcesFiltering - skip non existing resourceDirectory C:\NaukriApp\NaukriProfileAutoUpdate\NaukriProfileUpdatesAutomation\src\test\resources
2025-03-30 21:28:27,006 [main] INFO  o.e.m.jdt.internal.UnitTestSupport - Updating LoginTest.userNameInvalidPassword from maven configuration
2025-03-30 21:29:06,884 [Worker-1: Building] INFO  o.a.m.s.f.DefaultMavenResourcesFiltering - skip non existing resourceDirectory C:\NaukriApp\NaukriProfileAutoUpdate\NaukriProfileUpdatesAutomation\src\main\resources
2025-03-30 21:29:06,886 [Worker-1: Building] INFO  o.a.m.s.f.DefaultMavenResourcesFiltering - skip non existing resourceDirectory C:\NaukriApp\NaukriProfileAutoUpdate\NaukriProfileUpdatesAutomation\src\test\resources
2025-03-30 21:29:31,678 [Worker-10: Building] INFO  o.a.m.s.f.DefaultMavenResourcesFiltering - skip non existing resourceDirectory C:\NaukriApp\NaukriProfileAutoUpdate\NaukriProfileUpdatesAutomation\src\main\resources
2025-03-30 21:29:31,679 [Worker-10: Building] INFO  o.a.m.s.f.DefaultMavenResourcesFiltering - skip non existing resourceDirectory C:\NaukriApp\NaukriProfileAutoUpdate\NaukriProfileUpdatesAutomation\src\test\resources
2025-03-30 21:31:00,228 [Worker-2: Building] INFO  o.a.m.s.f.DefaultMavenResourcesFiltering - skip non existing resourceDirectory C:\NaukriApp\NaukriProfileAutoUpdate\NaukriProfileUpdatesAutomation\src\main\resources
2025-03-30 21:31:00,231 [Worker-2: Building] INFO  o.a.m.s.f.DefaultMavenResourcesFiltering - skip non existing resourceDirectory C:\NaukriApp\NaukriProfileAutoUpdate\NaukriProfileUpdatesAutomation\src\test\resources
2025-03-30 21:31:24,761 [Worker-22: Building] INFO  o.a.m.s.f.DefaultMavenResourcesFiltering - skip non existing resourceDirectory C:\NaukriApp\NaukriProfileAutoUpdate\NaukriProfileUpdatesAutomation\src\main\resources
2025-03-30 21:31:24,764 [Worker-22: Building] INFO  o.a.m.s.f.DefaultMavenResourcesFiltering - skip non existing resourceDirectory C:\NaukriApp\NaukriProfileAutoUpdate\NaukriProfileUpdatesAutomation\src\test\resources
2025-03-30 21:31:34,566 [Worker-22: Building] INFO  o.a.m.s.f.DefaultMavenResourcesFiltering - skip non existing resourceDirectory C:\NaukriApp\NaukriProfileAutoUpdate\NaukriProfileUpdatesAutomation\src\main\resources
2025-03-30 21:31:34,568 [Worker-22: Building] INFO  o.a.m.s.f.DefaultMavenResourcesFiltering - skip non existing resourceDirectory C:\NaukriApp\NaukriProfileAutoUpdate\NaukriProfileUpdatesAutomation\src\test\resources
2025-03-30 21:31:43,415 [Worker-4: Building] INFO  o.a.m.s.f.DefaultMavenResourcesFiltering - skip non existing resourceDirectory C:\NaukriApp\NaukriProfileAutoUpdate\NaukriProfileUpdatesAutomation\src\main\resources
2025-03-30 21:31:43,417 [Worker-4: Building] INFO  o.a.m.s.f.DefaultMavenResourcesFiltering - skip non existing resourceDirectory C:\NaukriApp\NaukriProfileAutoUpdate\NaukriProfileUpdatesAutomation\src\test\resources
2025-03-30 21:32:01,780 [main] INFO  o.e.m.jdt.internal.UnitTestSupport - Updating ProfileUpdationTest from maven configuration
2025-03-30 21:33:02,575 [main] INFO  o.e.m.jdt.internal.UnitTestSupport - Updating skillUpdateTest from maven configuration
2025-03-30 21:35:05,485 [Worker-4: Building] INFO  o.a.m.s.f.DefaultMavenResourcesFiltering - skip non existing resourceDirectory C:\NaukriApp\NaukriProfileAutoUpdate\NaukriProfileUpdatesAutomation\src\main\resources
2025-03-30 21:35:05,487 [Worker-4: Building] INFO  o.a.m.s.f.DefaultMavenResourcesFiltering - skip non existing resourceDirectory C:\NaukriApp\NaukriProfileAutoUpdate\NaukriProfileUpdatesAutomation\src\test\resources
2025-03-30 21:38:05,838 [Worker-23: Building] INFO  o.a.m.s.f.DefaultMavenResourcesFiltering - skip non existing resourceDirectory C:\NaukriApp\NaukriProfileAutoUpdate\NaukriProfileUpdatesAutomation\src\main\resources
2025-03-30 21:38:05,840 [Worker-23: Building] INFO  o.a.m.s.f.DefaultMavenResourcesFiltering - skip non existing resourceDirectory C:\NaukriApp\NaukriProfileAutoUpdate\NaukriProfileUpdatesAutomation\src\test\resources
2025-03-30 21:39:20,313 [Worker-4: Building] INFO  o.a.m.s.f.DefaultMavenResourcesFiltering - skip non existing resourceDirectory C:\NaukriApp\NaukriProfileAutoUpdate\NaukriProfileUpdatesAutomation\src\main\resources
2025-03-30 21:39:20,317 [Worker-4: Building] INFO  o.a.m.s.f.DefaultMavenResourcesFiltering - skip non existing resourceDirectory C:\NaukriApp\NaukriProfileAutoUpdate\NaukriProfileUpdatesAutomation\src\test\resources
2025-03-30 21:43:03,169 [Worker-24: Building] INFO  o.a.m.s.f.DefaultMavenResourcesFiltering - skip non existing resourceDirectory C:\NaukriApp\NaukriProfileAutoUpdate\NaukriProfileUpdatesAutomation\src\main\resources
2025-03-30 21:43:03,171 [Worker-24: Building] INFO  o.a.m.s.f.DefaultMavenResourcesFiltering - skip non existing resourceDirectory C:\NaukriApp\NaukriProfileAutoUpdate\NaukriProfileUpdatesAutomation\src\test\resources
2025-03-30 21:56:02,523 [Worker-3: Loading available Gradle versions] INFO  o.e.b.c.i.u.g.PublishedGradleVersions - Gradle version information cache is up-to-date. Trying to read.
2025-03-30 21:59:02,126 [Worker-2: Loading available Gradle versions] INFO  o.e.b.c.i.u.g.PublishedGradleVersions - Gradle version information cache is up-to-date. Trying to read.
2025-03-30 22:04:06,203 [Worker-7: Building] ERROR o.e.m.c.i.p.r.ProjectRegistryManager - Could not read pom.xml
org.eclipse.core.runtime.CoreException: Could not read pom.xml
	at org.eclipse.m2e.core.internal.IMavenToolbox.readModel(IMavenToolbox.java:245)
	at org.eclipse.m2e.core.internal.project.registry.ProjectRegistryManager.refreshPhase2(ProjectRegistryManager.java:591)
	at org.eclipse.m2e.core.internal.project.registry.ProjectRegistryManager.refresh(ProjectRegistryManager.java:491)
	at org.eclipse.m2e.core.internal.project.registry.ProjectRegistryManager.refresh(ProjectRegistryManager.java:370)
	at org.eclipse.m2e.core.internal.project.registry.ProjectRegistryManager.refresh(ProjectRegistryManager.java:322)
	at org.eclipse.m2e.core.internal.builder.MavenBuilder$BuildMethod.getProjectFacade(MavenBuilder.java:146)
	at org.eclipse.m2e.core.internal.builder.MavenBuilder$BuildMethod.lambda$0(MavenBuilder.java:84)
	at org.eclipse.m2e.core.internal.embedder.MavenExecutionContext.executeBare(MavenExecutionContext.java:458)
	at org.eclipse.m2e.core.internal.embedder.MavenExecutionContext.execute(MavenExecutionContext.java:339)
	at org.eclipse.m2e.core.internal.embedder.MavenExecutionContext.execute(MavenExecutionContext.java:278)
	at org.eclipse.m2e.core.internal.builder.MavenBuilder$BuildMethod.execute(MavenBuilder.java:83)
	at org.eclipse.m2e.core.internal.builder.MavenBuilder.build(MavenBuilder.java:192)
	at org.eclipse.core.internal.events.BuildManager$2.run(BuildManager.java:1077)
	at org.eclipse.core.runtime.SafeRunner.run(SafeRunner.java:47)
	at org.eclipse.core.internal.events.BuildManager.basicBuild(BuildManager.java:296)
	at org.eclipse.core.internal.events.BuildManager.basicBuild(BuildManager.java:352)
	at org.eclipse.core.internal.events.BuildManager$1.run(BuildManager.java:441)
	at org.eclipse.core.runtime.SafeRunner.run(SafeRunner.java:47)
	at org.eclipse.core.internal.events.BuildManager.basicBuild(BuildManager.java:444)
	at org.eclipse.core.internal.events.BuildManager.basicBuildLoop(BuildManager.java:555)
	at org.eclipse.core.internal.events.BuildManager.basicBuildLoop(BuildManager.java:503)
	at org.eclipse.core.internal.events.BuildManager.build(BuildManager.java:585)
	at org.eclipse.core.internal.events.AutoBuildJob.doBuild(AutoBuildJob.java:207)
	at org.eclipse.core.internal.events.AutoBuildJob.run(AutoBuildJob.java:300)
	at org.eclipse.core.internal.jobs.Worker.run(Worker.java:63)
Caused by: org.apache.maven.model.io.ModelParseException: unexpected character in markup < (position: END_TAG seen ...</dependency>\r\n<<... @110:3) 
	at org.apache.maven.model.io.DefaultModelReader.read(DefaultModelReader.java:96)
	at org.apache.maven.model.io.DefaultModelReader.read(DefaultModelReader.java:74)
	at org.eclipse.m2e.core.internal.IMavenToolbox.readModel(IMavenToolbox.java:243)
	... 24 common frames omitted
Caused by: org.codehaus.plexus.util.xml.pull.XmlPullParserException: unexpected character in markup < (position: END_TAG seen ...</dependency>\r\n<<... @110:3) 
	at org.codehaus.plexus.util.xml.pull.MXParser.nextImpl(MXParser.java:1582)
	at org.codehaus.plexus.util.xml.pull.MXParser.next(MXParser.java:1375)
	at org.codehaus.plexus.util.xml.pull.MXParser.nextTag(MXParser.java:1357)
	at org.apache.maven.model.io.xpp3.MavenXpp3Reader.parseModel(MavenXpp3Reader.java:2317)
	at org.apache.maven.model.io.xpp3.MavenXpp3Reader.read(MavenXpp3Reader.java:623)
	at org.apache.maven.model.io.xpp3.MavenXpp3Reader.read(MavenXpp3Reader.java:654)
	at org.apache.maven.model.io.DefaultModelReader.read(DefaultModelReader.java:93)
	... 26 common frames omitted
2025-03-30 22:04:07,894 [Worker-25: Building] ERROR o.e.m.c.i.p.r.ProjectRegistryManager - Could not read pom.xml
org.eclipse.core.runtime.CoreException: Could not read pom.xml
	at org.eclipse.m2e.core.internal.IMavenToolbox.readModel(IMavenToolbox.java:245)
	at org.eclipse.m2e.core.internal.project.registry.ProjectRegistryManager.refreshPhase2(ProjectRegistryManager.java:591)
	at org.eclipse.m2e.core.internal.project.registry.ProjectRegistryManager.refresh(ProjectRegistryManager.java:491)
	at org.eclipse.m2e.core.internal.project.registry.ProjectRegistryManager.refresh(ProjectRegistryManager.java:370)
	at org.eclipse.m2e.core.internal.project.registry.ProjectRegistryManager.refresh(ProjectRegistryManager.java:322)
	at org.eclipse.m2e.core.internal.builder.MavenBuilder$BuildMethod.getProjectFacade(MavenBuilder.java:146)
	at org.eclipse.m2e.core.internal.builder.MavenBuilder$BuildMethod.lambda$0(MavenBuilder.java:84)
	at org.eclipse.m2e.core.internal.embedder.MavenExecutionContext.executeBare(MavenExecutionContext.java:458)
	at org.eclipse.m2e.core.internal.embedder.MavenExecutionContext.execute(MavenExecutionContext.java:339)
	at org.eclipse.m2e.core.internal.embedder.MavenExecutionContext.execute(MavenExecutionContext.java:278)
	at org.eclipse.m2e.core.internal.builder.MavenBuilder$BuildMethod.execute(MavenBuilder.java:83)
	at org.eclipse.m2e.core.internal.builder.MavenBuilder.build(MavenBuilder.java:192)
	at org.eclipse.core.internal.events.BuildManager$2.run(BuildManager.java:1077)
	at org.eclipse.core.runtime.SafeRunner.run(SafeRunner.java:47)
	at org.eclipse.core.internal.events.BuildManager.basicBuild(BuildManager.java:296)
	at org.eclipse.core.internal.events.BuildManager.basicBuild(BuildManager.java:352)
	at org.eclipse.core.internal.events.BuildManager$1.run(BuildManager.java:441)
	at org.eclipse.core.runtime.SafeRunner.run(SafeRunner.java:47)
	at org.eclipse.core.internal.events.BuildManager.basicBuild(BuildManager.java:444)
	at org.eclipse.core.internal.events.BuildManager.basicBuildLoop(BuildManager.java:555)
	at org.eclipse.core.internal.events.BuildManager.basicBuildLoop(BuildManager.java:503)
	at org.eclipse.core.internal.events.BuildManager.build(BuildManager.java:585)
	at org.eclipse.core.internal.events.AutoBuildJob.doBuild(AutoBuildJob.java:207)
	at org.eclipse.core.internal.events.AutoBuildJob.run(AutoBuildJob.java:300)
	at org.eclipse.core.internal.jobs.Worker.run(Worker.java:63)
Caused by: org.apache.maven.model.io.ModelParseException: unexpected character in markup < (position: END_TAG seen ...</dependency>\r\n<<... @110:3) 
	at org.apache.maven.model.io.DefaultModelReader.read(DefaultModelReader.java:96)
	at org.apache.maven.model.io.DefaultModelReader.read(DefaultModelReader.java:74)
	at org.eclipse.m2e.core.internal.IMavenToolbox.readModel(IMavenToolbox.java:243)
	... 24 common frames omitted
Caused by: org.codehaus.plexus.util.xml.pull.XmlPullParserException: unexpected character in markup < (position: END_TAG seen ...</dependency>\r\n<<... @110:3) 
	at org.codehaus.plexus.util.xml.pull.MXParser.nextImpl(MXParser.java:1582)
	at org.codehaus.plexus.util.xml.pull.MXParser.next(MXParser.java:1375)
	at org.codehaus.plexus.util.xml.pull.MXParser.nextTag(MXParser.java:1357)
	at org.apache.maven.model.io.xpp3.MavenXpp3Reader.parseModel(MavenXpp3Reader.java:2317)
	at org.apache.maven.model.io.xpp3.MavenXpp3Reader.read(MavenXpp3Reader.java:623)
	at org.apache.maven.model.io.xpp3.MavenXpp3Reader.read(MavenXpp3Reader.java:654)
	at org.apache.maven.model.io.DefaultModelReader.read(DefaultModelReader.java:93)
	... 26 common frames omitted
